Analysis & Synthesis report for DE1_SoC
Mon Jun 06 14:18:00 2022
Quartus Prime Version 17.0.0 Build 595 04/25/2017 SJ Lite Edition


---------------------
; Table of Contents ;
---------------------
  1. Legal Notice
  2. Analysis & Synthesis Summary
  3. Analysis & Synthesis Settings
  4. Parallel Compilation
  5. Analysis & Synthesis Source Files Read
  6. Analysis & Synthesis Resource Usage Summary
  7. Analysis & Synthesis Resource Utilization by Entity
  8. State Machine - |DE1_SoC|kinematics:motion|ps
  9. Registers Removed During Synthesis
 10. General Register Statistics
 11. Multiplexer Restructuring Statistics (Restructuring Performed)
 12. Parameter Settings for User Entity Instance: LEDDriver:Driver
 13. Parameter Settings for Inferred Entity Instance: pipe_generator:pipe_pair|lpm_divide:Mod1
 14. Parameter Settings for Inferred Entity Instance: pipe_generator:pipe_pair|lpm_divide:Mod0
 15. Port Connectivity Checks: "LEDDriver:Driver"
 16. Port Connectivity Checks: "clock_divider:divider"
 17. Post-Synthesis Netlist Statistics for Top Partition
 18. Elapsed Time Per Partition
 19. Analysis & Synthesis Messages
 20. Analysis & Synthesis Suppressed Messages



----------------
; Legal Notice ;
----------------
Copyright (C) 2017  Intel Corporation. All rights reserved.
Your use of Intel Corporation's design tools, logic functions 
and other software and tools, and its AMPP partner logic 
functions, and any output files from any of the foregoing 
(including device programming or simulation files), and any 
associated documentation or information are expressly subject 
to the terms and conditions of the Intel Program License 
Subscription Agreement, the Intel Quartus Prime License Agreement,
the Intel MegaCore Function License Agreement, or other 
applicable license agreement, including, without limitation, 
that your use is for the sole purpose of programming logic 
devices manufactured by Intel and sold by Intel or its 
authorized distributors.  Please refer to the applicable 
agreement for further details.



+-------------------------------------------------------------------------------+
; Analysis & Synthesis Summary                                                  ;
+---------------------------------+---------------------------------------------+
; Analysis & Synthesis Status     ; Successful - Mon Jun 06 14:18:00 2022       ;
; Quartus Prime Version           ; 17.0.0 Build 595 04/25/2017 SJ Lite Edition ;
; Revision Name                   ; DE1_SoC                                     ;
; Top-level Entity Name           ; DE1_SoC                                     ;
; Family                          ; Cyclone V                                   ;
; Logic utilization (in ALMs)     ; N/A                                         ;
; Total registers                 ; 343                                         ;
; Total pins                      ; 103                                         ;
; Total virtual pins              ; 0                                           ;
; Total block memory bits         ; 0                                           ;
; Total DSP Blocks                ; 0                                           ;
; Total HSSI RX PCSs              ; 0                                           ;
; Total HSSI PMA RX Deserializers ; 0                                           ;
; Total HSSI TX PCSs              ; 0                                           ;
; Total HSSI PMA TX Serializers   ; 0                                           ;
; Total PLLs                      ; 0                                           ;
; Total DLLs                      ; 0                                           ;
+---------------------------------+---------------------------------------------+


+---------------------------------------------------------------------------------------------------------------------------+
; Analysis & Synthesis Settings                                                                                             ;
+---------------------------------------------------------------------------------+--------------------+--------------------+
; Option                                                                          ; Setting            ; Default Value      ;
+---------------------------------------------------------------------------------+--------------------+--------------------+
; Device                                                                          ; 5CSEMA5F31C6       ;                    ;
; Top-level entity name                                                           ; DE1_SoC            ; DE1_SoC            ;
; Family name                                                                     ; Cyclone V          ; Cyclone V          ;
; State Machine Processing                                                        ; User-Encoded       ; Auto               ;
; Use smart compilation                                                           ; Off                ; Off                ;
; Enable parallel Assembler and TimeQuest Timing Analyzer during compilation      ; On                 ; On                 ;
; Enable compact report table                                                     ; Off                ; Off                ;
; Restructure Multiplexers                                                        ; Auto               ; Auto               ;
; MLAB Add Timing Constraints For Mixed-Port Feed-Through Mode Setting Don't Care ; Off                ; Off                ;
; Create Debugging Nodes for IP Cores                                             ; Off                ; Off                ;
; Preserve fewer node names                                                       ; On                 ; On                 ;
; OpenCore Plus hardware evaluation                                               ; Enable             ; Enable             ;
; Verilog Version                                                                 ; Verilog_2001       ; Verilog_2001       ;
; VHDL Version                                                                    ; VHDL_1993          ; VHDL_1993          ;
; Safe State Machine                                                              ; Off                ; Off                ;
; Extract Verilog State Machines                                                  ; On                 ; On                 ;
; Extract VHDL State Machines                                                     ; On                 ; On                 ;
; Ignore Verilog initial constructs                                               ; Off                ; Off                ;
; Iteration limit for constant Verilog loops                                      ; 5000               ; 5000               ;
; Iteration limit for non-constant Verilog loops                                  ; 250                ; 250                ;
; Add Pass-Through Logic to Inferred RAMs                                         ; On                 ; On                 ;
; Infer RAMs from Raw Logic                                                       ; On                 ; On                 ;
; Parallel Synthesis                                                              ; On                 ; On                 ;
; DSP Block Balancing                                                             ; Auto               ; Auto               ;
; NOT Gate Push-Back                                                              ; On                 ; On                 ;
; Power-Up Don't Care                                                             ; On                 ; On                 ;
; Remove Redundant Logic Cells                                                    ; Off                ; Off                ;
; Remove Duplicate Registers                                                      ; On                 ; On                 ;
; Ignore CARRY Buffers                                                            ; Off                ; Off                ;
; Ignore CASCADE Buffers                                                          ; Off                ; Off                ;
; Ignore GLOBAL Buffers                                                           ; Off                ; Off                ;
; Ignore ROW GLOBAL Buffers                                                       ; Off                ; Off                ;
; Ignore LCELL Buffers                                                            ; Off                ; Off                ;
; Ignore SOFT Buffers                                                             ; On                 ; On                 ;
; Limit AHDL Integers to 32 Bits                                                  ; Off                ; Off                ;
; Optimization Technique                                                          ; Balanced           ; Balanced           ;
; Carry Chain Length                                                              ; 70                 ; 70                 ;
; Auto Carry Chains                                                               ; On                 ; On                 ;
; Auto Open-Drain Pins                                                            ; On                 ; On                 ;
; Perform WYSIWYG Primitive Resynthesis                                           ; Off                ; Off                ;
; Auto ROM Replacement                                                            ; On                 ; On                 ;
; Auto RAM Replacement                                                            ; On                 ; On                 ;
; Auto DSP Block Replacement                                                      ; On                 ; On                 ;
; Auto Shift Register Replacement                                                 ; Auto               ; Auto               ;
; Allow Shift Register Merging across Hierarchies                                 ; Auto               ; Auto               ;
; Auto Clock Enable Replacement                                                   ; On                 ; On                 ;
; Strict RAM Replacement                                                          ; Off                ; Off                ;
; Allow Synchronous Control Signals                                               ; On                 ; On                 ;
; Force Use of Synchronous Clear Signals                                          ; Off                ; Off                ;
; Auto Resource Sharing                                                           ; Off                ; Off                ;
; Allow Any RAM Size For Recognition                                              ; Off                ; Off                ;
; Allow Any ROM Size For Recognition                                              ; Off                ; Off                ;
; Allow Any Shift Register Size For Recognition                                   ; Off                ; Off                ;
; Use LogicLock Constraints during Resource Balancing                             ; On                 ; On                 ;
; Ignore translate_off and synthesis_off directives                               ; Off                ; Off                ;
; Timing-Driven Synthesis                                                         ; On                 ; On                 ;
; Report Parameter Settings                                                       ; On                 ; On                 ;
; Report Source Assignments                                                       ; On                 ; On                 ;
; Report Connectivity Checks                                                      ; On                 ; On                 ;
; Ignore Maximum Fan-Out Assignments                                              ; Off                ; Off                ;
; Synchronization Register Chain Length                                           ; 3                  ; 3                  ;
; PowerPlay Power Optimization During Synthesis                                   ; Normal compilation ; Normal compilation ;
; HDL message level                                                               ; Level2             ; Level2             ;
; Suppress Register Optimization Related Messages                                 ; Off                ; Off                ;
; Number of Removed Registers Reported in Synthesis Report                        ; 5000               ; 5000               ;
; Number of Swept Nodes Reported in Synthesis Report                              ; 5000               ; 5000               ;
; Number of Inverted Registers Reported in Synthesis Report                       ; 100                ; 100                ;
; Clock MUX Protection                                                            ; On                 ; On                 ;
; Auto Gated Clock Conversion                                                     ; Off                ; Off                ;
; Block Design Naming                                                             ; Auto               ; Auto               ;
; SDC constraint protection                                                       ; Off                ; Off                ;
; Synthesis Effort                                                                ; Auto               ; Auto               ;
; Shift Register Replacement - Allow Asynchronous Clear Signal                    ; On                 ; On                 ;
; Pre-Mapping Resynthesis Optimization                                            ; Off                ; Off                ;
; Analysis & Synthesis Message Level                                              ; Medium             ; Medium             ;
; Disable Register Merging Across Hierarchies                                     ; Auto               ; Auto               ;
; Resource Aware Inference For Block RAM                                          ; On                 ; On                 ;
; Automatic Parallel Synthesis                                                    ; On                 ; On                 ;
; Partial Reconfiguration Bitstream ID                                            ; Off                ; Off                ;
+---------------------------------------------------------------------------------+--------------------+--------------------+


+------------------------------------------+
; Parallel Compilation                     ;
+----------------------------+-------------+
; Processors                 ; Number      ;
+----------------------------+-------------+
; Number detected on machine ; 12          ;
; Maximum allowed            ; 6           ;
;                            ;             ;
; Average used               ; 1.00        ;
; Maximum used               ; 6           ;
;                            ;             ;
; Usage by Processor         ; % Time Used ;
;     Processor 1            ; 100.0%      ;
;     Processors 2-6         ;   0.0%      ;
+----------------------------+-------------+


+------------------------------------------------------------------------------------------------------------------------------------------------------------------------------------------+
; Analysis & Synthesis Source Files Read                                                                                                                                                   ;
+----------------------------------+-----------------+------------------------------+--------------------------------------------------------------------------------------------+---------+
; File Name with User-Entered Path ; Used in Netlist ; File Type                    ; File Name with Absolute Path                                                               ; Library ;
+----------------------------------+-----------------+------------------------------+--------------------------------------------------------------------------------------------+---------+
; DE1_SoC.sv                       ; yes             ; User SystemVerilog HDL File  ; C:/Users/ewanl/OneDrive - UW/EE 271 Lab/Labs/Lab8/StarterFiles1/DE1_SoC.sv                 ;         ;
; clock_divider.sv                 ; yes             ; User SystemVerilog HDL File  ; C:/Users/ewanl/OneDrive - UW/EE 271 Lab/Labs/Lab8/StarterFiles1/clock_divider.sv           ;         ;
; LFSR_10_bit.sv                   ; yes             ; User SystemVerilog HDL File  ; C:/Users/ewanl/OneDrive - UW/EE 271 Lab/Labs/Lab8/StarterFiles1/LFSR_10_bit.sv             ;         ;
; LEDDriver.sv                     ; yes             ; User SystemVerilog HDL File  ; C:/Users/ewanl/OneDrive - UW/EE 271 Lab/Labs/Lab8/StarterFiles1/LEDDriver.sv               ;         ;
; kinematics.sv                    ; yes             ; User SystemVerilog HDL File  ; C:/Users/ewanl/OneDrive - UW/EE 271 Lab/Labs/Lab8/StarterFiles1/kinematics.sv              ;         ;
; position.sv                      ; yes             ; User SystemVerilog HDL File  ; C:/Users/ewanl/OneDrive - UW/EE 271 Lab/Labs/Lab8/StarterFiles1/position.sv                ;         ;
; pipe_generator.sv                ; yes             ; User SystemVerilog HDL File  ; C:/Users/ewanl/OneDrive - UW/EE 271 Lab/Labs/Lab8/StarterFiles1/pipe_generator.sv          ;         ;
; board_state.sv                   ; yes             ; User SystemVerilog HDL File  ; C:/Users/ewanl/OneDrive - UW/EE 271 Lab/Labs/Lab8/StarterFiles1/board_state.sv             ;         ;
; lpm_divide.tdf                   ; yes             ; Megafunction                 ; c:/intelfpga_lite/17.0/quartus/libraries/megafunctions/lpm_divide.tdf                      ;         ;
; abs_divider.inc                  ; yes             ; Megafunction                 ; c:/intelfpga_lite/17.0/quartus/libraries/megafunctions/abs_divider.inc                     ;         ;
; sign_div_unsign.inc              ; yes             ; Megafunction                 ; c:/intelfpga_lite/17.0/quartus/libraries/megafunctions/sign_div_unsign.inc                 ;         ;
; aglobal170.inc                   ; yes             ; Megafunction                 ; c:/intelfpga_lite/17.0/quartus/libraries/megafunctions/aglobal170.inc                      ;         ;
; db/lpm_divide_h3m.tdf            ; yes             ; Auto-Generated Megafunction  ; C:/Users/ewanl/OneDrive - UW/EE 271 Lab/Labs/Lab8/StarterFiles1/db/lpm_divide_h3m.tdf      ;         ;
; db/sign_div_unsign_klh.tdf       ; yes             ; Auto-Generated Megafunction  ; C:/Users/ewanl/OneDrive - UW/EE 271 Lab/Labs/Lab8/StarterFiles1/db/sign_div_unsign_klh.tdf ;         ;
; db/alt_u_div_eve.tdf             ; yes             ; Auto-Generated Megafunction  ; C:/Users/ewanl/OneDrive - UW/EE 271 Lab/Labs/Lab8/StarterFiles1/db/alt_u_div_eve.tdf       ;         ;
; db/lpm_divide_g3m.tdf            ; yes             ; Auto-Generated Megafunction  ; C:/Users/ewanl/OneDrive - UW/EE 271 Lab/Labs/Lab8/StarterFiles1/db/lpm_divide_g3m.tdf      ;         ;
; db/sign_div_unsign_jlh.tdf       ; yes             ; Auto-Generated Megafunction  ; C:/Users/ewanl/OneDrive - UW/EE 271 Lab/Labs/Lab8/StarterFiles1/db/sign_div_unsign_jlh.tdf ;         ;
; db/alt_u_div_cve.tdf             ; yes             ; Auto-Generated Megafunction  ; C:/Users/ewanl/OneDrive - UW/EE 271 Lab/Labs/Lab8/StarterFiles1/db/alt_u_div_cve.tdf       ;         ;
+----------------------------------+-----------------+------------------------------+--------------------------------------------------------------------------------------------+---------+


+-----------------------------------------------------+
; Analysis & Synthesis Resource Usage Summary         ;
+---------------------------------------------+-------+
; Resource                                    ; Usage ;
+---------------------------------------------+-------+
; Estimate of Logic utilization (ALMs needed) ; 291   ;
;                                             ;       ;
; Combinational ALUT usage for logic          ; 424   ;
;     -- 7 input functions                    ; 0     ;
;     -- 6 input functions                    ; 104   ;
;     -- 5 input functions                    ; 23    ;
;     -- 4 input functions                    ; 53    ;
;     -- <=3 input functions                  ; 244   ;
;                                             ;       ;
; Dedicated logic registers                   ; 343   ;
;                                             ;       ;
; I/O pins                                    ; 103   ;
;                                             ;       ;
; Total DSP Blocks                            ; 0     ;
;                                             ;       ;
; Maximum fan-out node                        ; Mux0  ;
; Maximum fan-out                             ; 307   ;
; Total fan-out                               ; 2681  ;
; Average fan-out                             ; 2.76  ;
+---------------------------------------------+-------+


+-----------------------------------------------------------------------------------------------------------------------------------------------------------------------------------------------------------------------------------------------------------------------------------------------------------------------------+
; Analysis & Synthesis Resource Utilization by Entity                                                                                                                                                                                                                                                                         ;
+-------------------------------------------+---------------------+---------------------------+-------------------+------------+------+--------------+-----------------------------------------------------------------------------------------------------------------------------------+---------------------+--------------+
; Compilation Hierarchy Node                ; Combinational ALUTs ; Dedicated Logic Registers ; Block Memory Bits ; DSP Blocks ; Pins ; Virtual Pins ; Full Hierarchy Name                                                                                                               ; Entity Name         ; Library Name ;
+-------------------------------------------+---------------------+---------------------------+-------------------+------------+------+--------------+-----------------------------------------------------------------------------------------------------------------------------------+---------------------+--------------+
; |DE1_SoC                                  ; 424 (65)            ; 343 (0)                   ; 0                 ; 0          ; 103  ; 0            ; |DE1_SoC                                                                                                                          ; DE1_SoC             ; work         ;
;    |LEDDriver:Driver|                     ; 89 (89)             ; 4 (4)                     ; 0                 ; 0          ; 0    ; 0            ; |DE1_SoC|LEDDriver:Driver                                                                                                         ; LEDDriver           ; work         ;
;    |LFSR_10_bit:random|                   ; 1 (1)               ; 10 (10)                   ; 0                 ; 0          ; 0    ; 0            ; |DE1_SoC|LFSR_10_bit:random                                                                                                       ; LFSR_10_bit         ; work         ;
;    |board_state:board|                    ; 19 (19)             ; 274 (274)                 ; 0                 ; 0          ; 0    ; 0            ; |DE1_SoC|board_state:board                                                                                                        ; board_state         ; work         ;
;    |clock_divider:divider|                ; 32 (32)             ; 32 (32)                   ; 0                 ; 0          ; 0    ; 0            ; |DE1_SoC|clock_divider:divider                                                                                                    ; clock_divider       ; work         ;
;    |kinematics:motion|                    ; 3 (3)               ; 3 (3)                     ; 0                 ; 0          ; 0    ; 0            ; |DE1_SoC|kinematics:motion                                                                                                        ; kinematics          ; work         ;
;    |pipe_generator:pipe_pair|             ; 205 (68)            ; 16 (16)                   ; 0                 ; 0          ; 0    ; 0            ; |DE1_SoC|pipe_generator:pipe_pair                                                                                                 ; pipe_generator      ; work         ;
;       |lpm_divide:Mod0|                   ; 62 (0)              ; 0 (0)                     ; 0                 ; 0          ; 0    ; 0            ; |DE1_SoC|pipe_generator:pipe_pair|lpm_divide:Mod0                                                                                 ; lpm_divide          ; work         ;
;          |lpm_divide_g3m:auto_generated|  ; 62 (0)              ; 0 (0)                     ; 0                 ; 0          ; 0    ; 0            ; |DE1_SoC|pipe_generator:pipe_pair|lpm_divide:Mod0|lpm_divide_g3m:auto_generated                                                   ; lpm_divide_g3m      ; work         ;
;             |sign_div_unsign_jlh:divider| ; 62 (0)              ; 0 (0)                     ; 0                 ; 0          ; 0    ; 0            ; |DE1_SoC|pipe_generator:pipe_pair|lpm_divide:Mod0|lpm_divide_g3m:auto_generated|sign_div_unsign_jlh:divider                       ; sign_div_unsign_jlh ; work         ;
;                |alt_u_div_cve:divider|    ; 62 (62)             ; 0 (0)                     ; 0                 ; 0          ; 0    ; 0            ; |DE1_SoC|pipe_generator:pipe_pair|lpm_divide:Mod0|lpm_divide_g3m:auto_generated|sign_div_unsign_jlh:divider|alt_u_div_cve:divider ; alt_u_div_cve       ; work         ;
;       |lpm_divide:Mod1|                   ; 75 (0)              ; 0 (0)                     ; 0                 ; 0          ; 0    ; 0            ; |DE1_SoC|pipe_generator:pipe_pair|lpm_divide:Mod1                                                                                 ; lpm_divide          ; work         ;
;          |lpm_divide_h3m:auto_generated|  ; 75 (0)              ; 0 (0)                     ; 0                 ; 0          ; 0    ; 0            ; |DE1_SoC|pipe_generator:pipe_pair|lpm_divide:Mod1|lpm_divide_h3m:auto_generated                                                   ; lpm_divide_h3m      ; work         ;
;             |sign_div_unsign_klh:divider| ; 75 (0)              ; 0 (0)                     ; 0                 ; 0          ; 0    ; 0            ; |DE1_SoC|pipe_generator:pipe_pair|lpm_divide:Mod1|lpm_divide_h3m:auto_generated|sign_div_unsign_klh:divider                       ; sign_div_unsign_klh ; work         ;
;                |alt_u_div_eve:divider|    ; 75 (75)             ; 0 (0)                     ; 0                 ; 0          ; 0    ; 0            ; |DE1_SoC|pipe_generator:pipe_pair|lpm_divide:Mod1|lpm_divide_h3m:auto_generated|sign_div_unsign_klh:divider|alt_u_div_eve:divider ; alt_u_div_eve       ; work         ;
;    |position:p1|                          ; 10 (10)             ; 4 (4)                     ; 0                 ; 0          ; 0    ; 0            ; |DE1_SoC|position:p1                                                                                                              ; position            ; work         ;
+-------------------------------------------+---------------------+---------------------------+-------------------+------------+------+--------------+-----------------------------------------------------------------------------------------------------------------------------------+---------------------+--------------+
Note: For table entries with two numbers listed, the numbers in parentheses indicate the number of resources of the given type used by the specific entity alone. The numbers listed outside of parentheses indicate the total resources of the given type used by the specific entity and all of its sub-entities in the hierarchy.


Encoding Type:  User-Encoded
+-----------------------------------------------+
; State Machine - |DE1_SoC|kinematics:motion|ps ;
+-----------+------+------+---------------------+
; Name      ; ps~4 ; ps~3 ; ps~2                ;
+-----------+------+------+---------------------+
; ps.zero   ; 0    ; 0    ; 0                   ;
; ps.one    ; 0    ; 0    ; 1                   ;
; ps.two    ; 0    ; 1    ; 0                   ;
; ps.three  ; 0    ; 1    ; 1                   ;
; ps.nthree ; 1    ; 0    ; 1                   ;
; ps.ntwo   ; 1    ; 1    ; 0                   ;
; ps.none   ; 1    ; 1    ; 1                   ;
+-----------+------+------+---------------------+


+----------------------------------------------------------------------------------+
; Registers Removed During Synthesis                                               ;
+-----------------------------------------+----------------------------------------+
; Register name                           ; Reason for Removal                     ;
+-----------------------------------------+----------------------------------------+
; board_state:board|pRPs[15][15]          ; Stuck at GND due to stuck port data_in ;
; board_state:board|pRPs[15][14]          ; Stuck at GND due to stuck port data_in ;
; board_state:board|pRPs[15][13]          ; Stuck at GND due to stuck port data_in ;
; board_state:board|pRPs[15][12]          ; Stuck at GND due to stuck port data_in ;
; board_state:board|pRPs[15][11]          ; Stuck at GND due to stuck port data_in ;
; board_state:board|pRPs[15][10]          ; Stuck at GND due to stuck port data_in ;
; board_state:board|pRPs[15][9]           ; Stuck at GND due to stuck port data_in ;
; board_state:board|pRPs[15][7]           ; Stuck at GND due to stuck port data_in ;
; board_state:board|pRPs[15][6]           ; Stuck at GND due to stuck port data_in ;
; board_state:board|pRPs[15][5]           ; Stuck at GND due to stuck port data_in ;
; board_state:board|pRPs[15][4]           ; Stuck at GND due to stuck port data_in ;
; board_state:board|pRPs[15][3]           ; Stuck at GND due to stuck port data_in ;
; board_state:board|pRPs[15][2]           ; Stuck at GND due to stuck port data_in ;
; board_state:board|pRPs[15][1]           ; Stuck at GND due to stuck port data_in ;
; board_state:board|pRPs[15][0]           ; Stuck at GND due to stuck port data_in ;
; board_state:board|pRPs[14][15]          ; Stuck at GND due to stuck port data_in ;
; board_state:board|pRPs[14][14]          ; Stuck at GND due to stuck port data_in ;
; board_state:board|pRPs[14][13]          ; Stuck at GND due to stuck port data_in ;
; board_state:board|pRPs[14][12]          ; Stuck at GND due to stuck port data_in ;
; board_state:board|pRPs[14][11]          ; Stuck at GND due to stuck port data_in ;
; board_state:board|pRPs[14][10]          ; Stuck at GND due to stuck port data_in ;
; board_state:board|pRPs[14][9]           ; Stuck at GND due to stuck port data_in ;
; board_state:board|pRPs[14][7]           ; Stuck at GND due to stuck port data_in ;
; board_state:board|pRPs[14][6]           ; Stuck at GND due to stuck port data_in ;
; board_state:board|pRPs[14][5]           ; Stuck at GND due to stuck port data_in ;
; board_state:board|pRPs[14][4]           ; Stuck at GND due to stuck port data_in ;
; board_state:board|pRPs[14][3]           ; Stuck at GND due to stuck port data_in ;
; board_state:board|pRPs[14][2]           ; Stuck at GND due to stuck port data_in ;
; board_state:board|pRPs[14][1]           ; Stuck at GND due to stuck port data_in ;
; board_state:board|pRPs[14][0]           ; Stuck at GND due to stuck port data_in ;
; board_state:board|pRPs[13][15]          ; Stuck at GND due to stuck port data_in ;
; board_state:board|pRPs[13][14]          ; Stuck at GND due to stuck port data_in ;
; board_state:board|pRPs[13][13]          ; Stuck at GND due to stuck port data_in ;
; board_state:board|pRPs[13][12]          ; Stuck at GND due to stuck port data_in ;
; board_state:board|pRPs[13][11]          ; Stuck at GND due to stuck port data_in ;
; board_state:board|pRPs[13][10]          ; Stuck at GND due to stuck port data_in ;
; board_state:board|pRPs[13][9]           ; Stuck at GND due to stuck port data_in ;
; board_state:board|pRPs[13][7]           ; Stuck at GND due to stuck port data_in ;
; board_state:board|pRPs[13][6]           ; Stuck at GND due to stuck port data_in ;
; board_state:board|pRPs[13][5]           ; Stuck at GND due to stuck port data_in ;
; board_state:board|pRPs[13][4]           ; Stuck at GND due to stuck port data_in ;
; board_state:board|pRPs[13][3]           ; Stuck at GND due to stuck port data_in ;
; board_state:board|pRPs[13][2]           ; Stuck at GND due to stuck port data_in ;
; board_state:board|pRPs[13][1]           ; Stuck at GND due to stuck port data_in ;
; board_state:board|pRPs[13][0]           ; Stuck at GND due to stuck port data_in ;
; board_state:board|pRPs[12][15]          ; Stuck at GND due to stuck port data_in ;
; board_state:board|pRPs[12][14]          ; Stuck at GND due to stuck port data_in ;
; board_state:board|pRPs[12][13]          ; Stuck at GND due to stuck port data_in ;
; board_state:board|pRPs[12][12]          ; Stuck at GND due to stuck port data_in ;
; board_state:board|pRPs[12][11]          ; Stuck at GND due to stuck port data_in ;
; board_state:board|pRPs[12][10]          ; Stuck at GND due to stuck port data_in ;
; board_state:board|pRPs[12][9]           ; Stuck at GND due to stuck port data_in ;
; board_state:board|pRPs[12][7]           ; Stuck at GND due to stuck port data_in ;
; board_state:board|pRPs[12][6]           ; Stuck at GND due to stuck port data_in ;
; board_state:board|pRPs[12][5]           ; Stuck at GND due to stuck port data_in ;
; board_state:board|pRPs[12][4]           ; Stuck at GND due to stuck port data_in ;
; board_state:board|pRPs[12][3]           ; Stuck at GND due to stuck port data_in ;
; board_state:board|pRPs[12][2]           ; Stuck at GND due to stuck port data_in ;
; board_state:board|pRPs[12][1]           ; Stuck at GND due to stuck port data_in ;
; board_state:board|pRPs[12][0]           ; Stuck at GND due to stuck port data_in ;
; board_state:board|pRPs[11][15]          ; Stuck at GND due to stuck port data_in ;
; board_state:board|pRPs[11][14]          ; Stuck at GND due to stuck port data_in ;
; board_state:board|pRPs[11][13]          ; Stuck at GND due to stuck port data_in ;
; board_state:board|pRPs[11][12]          ; Stuck at GND due to stuck port data_in ;
; board_state:board|pRPs[11][11]          ; Stuck at GND due to stuck port data_in ;
; board_state:board|pRPs[11][10]          ; Stuck at GND due to stuck port data_in ;
; board_state:board|pRPs[11][9]           ; Stuck at GND due to stuck port data_in ;
; board_state:board|pRPs[11][7]           ; Stuck at GND due to stuck port data_in ;
; board_state:board|pRPs[11][6]           ; Stuck at GND due to stuck port data_in ;
; board_state:board|pRPs[11][5]           ; Stuck at GND due to stuck port data_in ;
; board_state:board|pRPs[11][4]           ; Stuck at GND due to stuck port data_in ;
; board_state:board|pRPs[11][3]           ; Stuck at GND due to stuck port data_in ;
; board_state:board|pRPs[11][2]           ; Stuck at GND due to stuck port data_in ;
; board_state:board|pRPs[11][1]           ; Stuck at GND due to stuck port data_in ;
; board_state:board|pRPs[11][0]           ; Stuck at GND due to stuck port data_in ;
; board_state:board|pRPs[10][15]          ; Stuck at GND due to stuck port data_in ;
; board_state:board|pRPs[10][14]          ; Stuck at GND due to stuck port data_in ;
; board_state:board|pRPs[10][13]          ; Stuck at GND due to stuck port data_in ;
; board_state:board|pRPs[10][12]          ; Stuck at GND due to stuck port data_in ;
; board_state:board|pRPs[10][11]          ; Stuck at GND due to stuck port data_in ;
; board_state:board|pRPs[10][10]          ; Stuck at GND due to stuck port data_in ;
; board_state:board|pRPs[10][9]           ; Stuck at GND due to stuck port data_in ;
; board_state:board|pRPs[10][7]           ; Stuck at GND due to stuck port data_in ;
; board_state:board|pRPs[10][6]           ; Stuck at GND due to stuck port data_in ;
; board_state:board|pRPs[10][5]           ; Stuck at GND due to stuck port data_in ;
; board_state:board|pRPs[10][4]           ; Stuck at GND due to stuck port data_in ;
; board_state:board|pRPs[10][3]           ; Stuck at GND due to stuck port data_in ;
; board_state:board|pRPs[10][2]           ; Stuck at GND due to stuck port data_in ;
; board_state:board|pRPs[10][1]           ; Stuck at GND due to stuck port data_in ;
; board_state:board|pRPs[10][0]           ; Stuck at GND due to stuck port data_in ;
; board_state:board|pRPs[9][15]           ; Stuck at GND due to stuck port data_in ;
; board_state:board|pRPs[9][14]           ; Stuck at GND due to stuck port data_in ;
; board_state:board|pRPs[9][13]           ; Stuck at GND due to stuck port data_in ;
; board_state:board|pRPs[9][12]           ; Stuck at GND due to stuck port data_in ;
; board_state:board|pRPs[9][11]           ; Stuck at GND due to stuck port data_in ;
; board_state:board|pRPs[9][10]           ; Stuck at GND due to stuck port data_in ;
; board_state:board|pRPs[9][9]            ; Stuck at GND due to stuck port data_in ;
; board_state:board|pRPs[9][7]            ; Stuck at GND due to stuck port data_in ;
; board_state:board|pRPs[9][6]            ; Stuck at GND due to stuck port data_in ;
; board_state:board|pRPs[9][5]            ; Stuck at GND due to stuck port data_in ;
; board_state:board|pRPs[9][4]            ; Stuck at GND due to stuck port data_in ;
; board_state:board|pRPs[9][3]            ; Stuck at GND due to stuck port data_in ;
; board_state:board|pRPs[9][2]            ; Stuck at GND due to stuck port data_in ;
; board_state:board|pRPs[9][1]            ; Stuck at GND due to stuck port data_in ;
; board_state:board|pRPs[9][0]            ; Stuck at GND due to stuck port data_in ;
; board_state:board|pRPs[8][15]           ; Stuck at GND due to stuck port data_in ;
; board_state:board|pRPs[8][14]           ; Stuck at GND due to stuck port data_in ;
; board_state:board|pRPs[8][13]           ; Stuck at GND due to stuck port data_in ;
; board_state:board|pRPs[8][12]           ; Stuck at GND due to stuck port data_in ;
; board_state:board|pRPs[8][11]           ; Stuck at GND due to stuck port data_in ;
; board_state:board|pRPs[8][10]           ; Stuck at GND due to stuck port data_in ;
; board_state:board|pRPs[8][9]            ; Stuck at GND due to stuck port data_in ;
; board_state:board|pRPs[8][7]            ; Stuck at GND due to stuck port data_in ;
; board_state:board|pRPs[8][6]            ; Stuck at GND due to stuck port data_in ;
; board_state:board|pRPs[8][5]            ; Stuck at GND due to stuck port data_in ;
; board_state:board|pRPs[8][4]            ; Stuck at GND due to stuck port data_in ;
; board_state:board|pRPs[8][3]            ; Stuck at GND due to stuck port data_in ;
; board_state:board|pRPs[8][2]            ; Stuck at GND due to stuck port data_in ;
; board_state:board|pRPs[8][1]            ; Stuck at GND due to stuck port data_in ;
; board_state:board|pRPs[8][0]            ; Stuck at GND due to stuck port data_in ;
; board_state:board|pRPs[7][15]           ; Stuck at GND due to stuck port data_in ;
; board_state:board|pRPs[7][14]           ; Stuck at GND due to stuck port data_in ;
; board_state:board|pRPs[7][13]           ; Stuck at GND due to stuck port data_in ;
; board_state:board|pRPs[7][12]           ; Stuck at GND due to stuck port data_in ;
; board_state:board|pRPs[7][11]           ; Stuck at GND due to stuck port data_in ;
; board_state:board|pRPs[7][10]           ; Stuck at GND due to stuck port data_in ;
; board_state:board|pRPs[7][9]            ; Stuck at GND due to stuck port data_in ;
; board_state:board|pRPs[7][7]            ; Stuck at GND due to stuck port data_in ;
; board_state:board|pRPs[7][6]            ; Stuck at GND due to stuck port data_in ;
; board_state:board|pRPs[7][5]            ; Stuck at GND due to stuck port data_in ;
; board_state:board|pRPs[7][4]            ; Stuck at GND due to stuck port data_in ;
; board_state:board|pRPs[7][3]            ; Stuck at GND due to stuck port data_in ;
; board_state:board|pRPs[7][2]            ; Stuck at GND due to stuck port data_in ;
; board_state:board|pRPs[7][1]            ; Stuck at GND due to stuck port data_in ;
; board_state:board|pRPs[7][0]            ; Stuck at GND due to stuck port data_in ;
; board_state:board|pRPs[6][15]           ; Stuck at GND due to stuck port data_in ;
; board_state:board|pRPs[6][14]           ; Stuck at GND due to stuck port data_in ;
; board_state:board|pRPs[6][13]           ; Stuck at GND due to stuck port data_in ;
; board_state:board|pRPs[6][12]           ; Stuck at GND due to stuck port data_in ;
; board_state:board|pRPs[6][11]           ; Stuck at GND due to stuck port data_in ;
; board_state:board|pRPs[6][10]           ; Stuck at GND due to stuck port data_in ;
; board_state:board|pRPs[6][9]            ; Stuck at GND due to stuck port data_in ;
; board_state:board|pRPs[6][7]            ; Stuck at GND due to stuck port data_in ;
; board_state:board|pRPs[6][6]            ; Stuck at GND due to stuck port data_in ;
; board_state:board|pRPs[6][5]            ; Stuck at GND due to stuck port data_in ;
; board_state:board|pRPs[6][4]            ; Stuck at GND due to stuck port data_in ;
; board_state:board|pRPs[6][3]            ; Stuck at GND due to stuck port data_in ;
; board_state:board|pRPs[6][2]            ; Stuck at GND due to stuck port data_in ;
; board_state:board|pRPs[6][1]            ; Stuck at GND due to stuck port data_in ;
; board_state:board|pRPs[6][0]            ; Stuck at GND due to stuck port data_in ;
; board_state:board|pRPs[5][15]           ; Stuck at GND due to stuck port data_in ;
; board_state:board|pRPs[5][14]           ; Stuck at GND due to stuck port data_in ;
; board_state:board|pRPs[5][13]           ; Stuck at GND due to stuck port data_in ;
; board_state:board|pRPs[5][12]           ; Stuck at GND due to stuck port data_in ;
; board_state:board|pRPs[5][11]           ; Stuck at GND due to stuck port data_in ;
; board_state:board|pRPs[5][10]           ; Stuck at GND due to stuck port data_in ;
; board_state:board|pRPs[5][9]            ; Stuck at GND due to stuck port data_in ;
; board_state:board|pRPs[5][7]            ; Stuck at GND due to stuck port data_in ;
; board_state:board|pRPs[5][6]            ; Stuck at GND due to stuck port data_in ;
; board_state:board|pRPs[5][5]            ; Stuck at GND due to stuck port data_in ;
; board_state:board|pRPs[5][4]            ; Stuck at GND due to stuck port data_in ;
; board_state:board|pRPs[5][3]            ; Stuck at GND due to stuck port data_in ;
; board_state:board|pRPs[5][2]            ; Stuck at GND due to stuck port data_in ;
; board_state:board|pRPs[5][1]            ; Stuck at GND due to stuck port data_in ;
; board_state:board|pRPs[5][0]            ; Stuck at GND due to stuck port data_in ;
; board_state:board|pRPs[4][15]           ; Stuck at GND due to stuck port data_in ;
; board_state:board|pRPs[4][14]           ; Stuck at GND due to stuck port data_in ;
; board_state:board|pRPs[4][13]           ; Stuck at GND due to stuck port data_in ;
; board_state:board|pRPs[4][12]           ; Stuck at GND due to stuck port data_in ;
; board_state:board|pRPs[4][11]           ; Stuck at GND due to stuck port data_in ;
; board_state:board|pRPs[4][10]           ; Stuck at GND due to stuck port data_in ;
; board_state:board|pRPs[4][9]            ; Stuck at GND due to stuck port data_in ;
; board_state:board|pRPs[4][7]            ; Stuck at GND due to stuck port data_in ;
; board_state:board|pRPs[4][6]            ; Stuck at GND due to stuck port data_in ;
; board_state:board|pRPs[4][5]            ; Stuck at GND due to stuck port data_in ;
; board_state:board|pRPs[4][4]            ; Stuck at GND due to stuck port data_in ;
; board_state:board|pRPs[4][3]            ; Stuck at GND due to stuck port data_in ;
; board_state:board|pRPs[4][2]            ; Stuck at GND due to stuck port data_in ;
; board_state:board|pRPs[4][1]            ; Stuck at GND due to stuck port data_in ;
; board_state:board|pRPs[4][0]            ; Stuck at GND due to stuck port data_in ;
; board_state:board|pRPs[3][15]           ; Stuck at GND due to stuck port data_in ;
; board_state:board|pRPs[3][14]           ; Stuck at GND due to stuck port data_in ;
; board_state:board|pRPs[3][13]           ; Stuck at GND due to stuck port data_in ;
; board_state:board|pRPs[3][12]           ; Stuck at GND due to stuck port data_in ;
; board_state:board|pRPs[3][11]           ; Stuck at GND due to stuck port data_in ;
; board_state:board|pRPs[3][10]           ; Stuck at GND due to stuck port data_in ;
; board_state:board|pRPs[3][9]            ; Stuck at GND due to stuck port data_in ;
; board_state:board|pRPs[3][7]            ; Stuck at GND due to stuck port data_in ;
; board_state:board|pRPs[3][6]            ; Stuck at GND due to stuck port data_in ;
; board_state:board|pRPs[3][5]            ; Stuck at GND due to stuck port data_in ;
; board_state:board|pRPs[3][4]            ; Stuck at GND due to stuck port data_in ;
; board_state:board|pRPs[3][3]            ; Stuck at GND due to stuck port data_in ;
; board_state:board|pRPs[3][2]            ; Stuck at GND due to stuck port data_in ;
; board_state:board|pRPs[3][1]            ; Stuck at GND due to stuck port data_in ;
; board_state:board|pRPs[3][0]            ; Stuck at GND due to stuck port data_in ;
; board_state:board|pRPs[2][15]           ; Stuck at GND due to stuck port data_in ;
; board_state:board|pRPs[2][14]           ; Stuck at GND due to stuck port data_in ;
; board_state:board|pRPs[2][13]           ; Stuck at GND due to stuck port data_in ;
; board_state:board|pRPs[2][12]           ; Stuck at GND due to stuck port data_in ;
; board_state:board|pRPs[2][11]           ; Stuck at GND due to stuck port data_in ;
; board_state:board|pRPs[2][10]           ; Stuck at GND due to stuck port data_in ;
; board_state:board|pRPs[2][9]            ; Stuck at GND due to stuck port data_in ;
; board_state:board|pRPs[2][7]            ; Stuck at GND due to stuck port data_in ;
; board_state:board|pRPs[2][6]            ; Stuck at GND due to stuck port data_in ;
; board_state:board|pRPs[2][5]            ; Stuck at GND due to stuck port data_in ;
; board_state:board|pRPs[2][4]            ; Stuck at GND due to stuck port data_in ;
; board_state:board|pRPs[2][3]            ; Stuck at GND due to stuck port data_in ;
; board_state:board|pRPs[2][2]            ; Stuck at GND due to stuck port data_in ;
; board_state:board|pRPs[2][1]            ; Stuck at GND due to stuck port data_in ;
; board_state:board|pRPs[2][0]            ; Stuck at GND due to stuck port data_in ;
; board_state:board|pRPs[1][15]           ; Stuck at GND due to stuck port data_in ;
; board_state:board|pRPs[1][14]           ; Stuck at GND due to stuck port data_in ;
; board_state:board|pRPs[1][13]           ; Stuck at GND due to stuck port data_in ;
; board_state:board|pRPs[1][12]           ; Stuck at GND due to stuck port data_in ;
; board_state:board|pRPs[1][11]           ; Stuck at GND due to stuck port data_in ;
; board_state:board|pRPs[1][10]           ; Stuck at GND due to stuck port data_in ;
; board_state:board|pRPs[1][9]            ; Stuck at GND due to stuck port data_in ;
; board_state:board|pRPs[1][7]            ; Stuck at GND due to stuck port data_in ;
; board_state:board|pRPs[1][6]            ; Stuck at GND due to stuck port data_in ;
; board_state:board|pRPs[1][5]            ; Stuck at GND due to stuck port data_in ;
; board_state:board|pRPs[1][4]            ; Stuck at GND due to stuck port data_in ;
; board_state:board|pRPs[1][3]            ; Stuck at GND due to stuck port data_in ;
; board_state:board|pRPs[1][2]            ; Stuck at GND due to stuck port data_in ;
; board_state:board|pRPs[1][1]            ; Stuck at GND due to stuck port data_in ;
; board_state:board|pRPs[1][0]            ; Stuck at GND due to stuck port data_in ;
; board_state:board|pRPs[0][15]           ; Stuck at GND due to stuck port data_in ;
; board_state:board|pRPs[0][14]           ; Stuck at GND due to stuck port data_in ;
; board_state:board|pRPs[0][13]           ; Stuck at GND due to stuck port data_in ;
; board_state:board|pRPs[0][12]           ; Stuck at GND due to stuck port data_in ;
; board_state:board|pRPs[0][11]           ; Stuck at GND due to stuck port data_in ;
; board_state:board|pRPs[0][10]           ; Stuck at GND due to stuck port data_in ;
; board_state:board|pRPs[0][9]            ; Stuck at GND due to stuck port data_in ;
; board_state:board|pRPs[0][7]            ; Stuck at GND due to stuck port data_in ;
; board_state:board|pRPs[0][6]            ; Stuck at GND due to stuck port data_in ;
; board_state:board|pRPs[0][5]            ; Stuck at GND due to stuck port data_in ;
; board_state:board|pRPs[0][4]            ; Stuck at GND due to stuck port data_in ;
; board_state:board|pRPs[0][3]            ; Stuck at GND due to stuck port data_in ;
; board_state:board|pRPs[0][2]            ; Stuck at GND due to stuck port data_in ;
; board_state:board|pRPs[0][1]            ; Stuck at GND due to stuck port data_in ;
; board_state:board|pRPs[0][0]            ; Stuck at GND due to stuck port data_in ;
; board_state:board|counter[2..31]        ; Lost fanout                            ;
; Total Number of Removed Registers = 270 ;                                        ;
+-----------------------------------------+----------------------------------------+


+------------------------------------------------------+
; General Register Statistics                          ;
+----------------------------------------------+-------+
; Statistic                                    ; Value ;
+----------------------------------------------+-------+
; Total registers                              ; 343   ;
; Number of registers using Synchronous Clear  ; 283   ;
; Number of registers using Synchronous Load   ; 0     ;
; Number of registers using Asynchronous Clear ; 0     ;
; Number of registers using Asynchronous Load  ; 0     ;
; Number of registers using Clock Enable       ; 16    ;
; Number of registers using Preset             ; 0     ;
+----------------------------------------------+-------+


+------------------------------------------------------------------------------------------------------------------------------------------------------+
; Multiplexer Restructuring Statistics (Restructuring Performed)                                                                                       ;
+--------------------+-----------+---------------+----------------------+------------------------+------------+----------------------------------------+
; Multiplexer Inputs ; Bus Width ; Baseline Area ; Area if Restructured ; Saving if Restructured ; Registered ; Example Multiplexer Output             ;
+--------------------+-----------+---------------+----------------------+------------------------+------------+----------------------------------------+
; 3:1                ; 16 bits   ; 32 LEs        ; 0 LEs                ; 32 LEs                 ; Yes        ; |DE1_SoC|board_state:board|pGPs[3][15] ;
; 3:1                ; 3 bits    ; 6 LEs         ; 6 LEs                ; 0 LEs                  ; Yes        ; |DE1_SoC|position:p1|ps[2]             ;
; 3:1                ; 2 bits    ; 4 LEs         ; 4 LEs                ; 0 LEs                  ; No         ; |DE1_SoC|kinematics:motion|ps          ;
; 16:1               ; 17 bits   ; 170 LEs       ; 170 LEs              ; 0 LEs                  ; No         ; |DE1_SoC|LEDDriver:Driver|Mux0         ;
+--------------------+-----------+---------------+----------------------+------------------------+------------+----------------------------------------+


+---------------------------------------------------------------+
; Parameter Settings for User Entity Instance: LEDDriver:Driver ;
+----------------+-------+--------------------------------------+
; Parameter Name ; Value ; Type                                 ;
+----------------+-------+--------------------------------------+
; FREQDIV        ; 0     ; Signed Integer                       ;
+----------------+-------+--------------------------------------+
Note: In order to hide this table in the UI and the text report file, please set the "Show Parameter Settings in Synthesis Report" option in "Analysis and Synthesis Settings -> More Settings" to "Off".


+-------------------------------------------------------------------------------------------+
; Parameter Settings for Inferred Entity Instance: pipe_generator:pipe_pair|lpm_divide:Mod1 ;
+------------------------+----------------+-------------------------------------------------+
; Parameter Name         ; Value          ; Type                                            ;
+------------------------+----------------+-------------------------------------------------+
; LPM_WIDTHN             ; 10             ; Untyped                                         ;
; LPM_WIDTHD             ; 4              ; Untyped                                         ;
; LPM_NREPRESENTATION    ; UNSIGNED       ; Untyped                                         ;
; LPM_DREPRESENTATION    ; UNSIGNED       ; Untyped                                         ;
; LPM_PIPELINE           ; 0              ; Untyped                                         ;
; LPM_REMAINDERPOSITIVE  ; TRUE           ; Untyped                                         ;
; MAXIMIZE_SPEED         ; 5              ; Untyped                                         ;
; CBXI_PARAMETER         ; lpm_divide_h3m ; Untyped                                         ;
; CARRY_CHAIN            ; MANUAL         ; Untyped                                         ;
; OPTIMIZE_FOR_SPEED     ; 5              ; Untyped                                         ;
; AUTO_CARRY_CHAINS      ; ON             ; AUTO_CARRY                                      ;
; IGNORE_CARRY_BUFFERS   ; OFF            ; IGNORE_CARRY                                    ;
; AUTO_CASCADE_CHAINS    ; ON             ; AUTO_CASCADE                                    ;
; IGNORE_CASCADE_BUFFERS ; OFF            ; IGNORE_CASCADE                                  ;
+------------------------+----------------+-------------------------------------------------+
Note: In order to hide this table in the UI and the text report file, please set the "Show Parameter Settings in Synthesis Report" option in "Analysis and Synthesis Settings -> More Settings" to "Off".


+-------------------------------------------------------------------------------------------+
; Parameter Settings for Inferred Entity Instance: pipe_generator:pipe_pair|lpm_divide:Mod0 ;
+------------------------+----------------+-------------------------------------------------+
; Parameter Name         ; Value          ; Type                                            ;
+------------------------+----------------+-------------------------------------------------+
; LPM_WIDTHN             ; 10             ; Untyped                                         ;
; LPM_WIDTHD             ; 3              ; Untyped                                         ;
; LPM_NREPRESENTATION    ; UNSIGNED       ; Untyped                                         ;
; LPM_DREPRESENTATION    ; UNSIGNED       ; Untyped                                         ;
; LPM_PIPELINE           ; 0              ; Untyped                                         ;
; LPM_REMAINDERPOSITIVE  ; TRUE           ; Untyped                                         ;
; MAXIMIZE_SPEED         ; 5              ; Untyped                                         ;
; CBXI_PARAMETER         ; lpm_divide_g3m ; Untyped                                         ;
; CARRY_CHAIN            ; MANUAL         ; Untyped                                         ;
; OPTIMIZE_FOR_SPEED     ; 5              ; Untyped                                         ;
; AUTO_CARRY_CHAINS      ; ON             ; AUTO_CARRY                                      ;
; IGNORE_CARRY_BUFFERS   ; OFF            ; IGNORE_CARRY                                    ;
; AUTO_CASCADE_CHAINS    ; ON             ; AUTO_CASCADE                                    ;
; IGNORE_CASCADE_BUFFERS ; OFF            ; IGNORE_CASCADE                                  ;
+------------------------+----------------+-------------------------------------------------+
Note: In order to hide this table in the UI and the text report file, please set the "Show Parameter Settings in Synthesis Report" option in "Analysis and Synthesis Settings -> More Settings" to "Off".


+-----------------------------------------------+
; Port Connectivity Checks: "LEDDriver:Driver"  ;
+-------------+-------+----------+--------------+
; Port        ; Type  ; Severity ; Details      ;
+-------------+-------+----------+--------------+
; EnableCount ; Input ; Info     ; Stuck at VCC ;
+-------------+-------+----------+--------------+


+-------------------------------------------------------------------------------------------------------------------------------------------------------------------------+
; Port Connectivity Checks: "clock_divider:divider"                                                                                                                       ;
+-------+-------+----------+----------------------------------------------------------------------------------------------------------------------------------------------+
; Port  ; Type  ; Severity ; Details                                                                                                                                      ;
+-------+-------+----------+----------------------------------------------------------------------------------------------------------------------------------------------+
; reset ; Input ; Warning  ; Declared by entity but not connected by instance. If a default value exists, it will be used.  Otherwise, the port will be connected to GND. ;
+-------+-------+----------+----------------------------------------------------------------------------------------------------------------------------------------------+


+-----------------------------------------------------+
; Post-Synthesis Netlist Statistics for Top Partition ;
+-----------------------+-----------------------------+
; Type                  ; Count                       ;
+-----------------------+-----------------------------+
; arriav_ff             ; 343                         ;
;     ENA               ; 16                          ;
;     SCLR              ; 283                         ;
;     plain             ; 44                          ;
; arriav_lcell_comb     ; 426                         ;
;     arith             ; 131                         ;
;         0 data inputs ; 23                          ;
;         1 data inputs ; 52                          ;
;         2 data inputs ; 10                          ;
;         3 data inputs ; 33                          ;
;         4 data inputs ; 13                          ;
;     normal            ; 290                         ;
;         0 data inputs ; 2                           ;
;         1 data inputs ; 2                           ;
;         2 data inputs ; 30                          ;
;         3 data inputs ; 89                          ;
;         4 data inputs ; 40                          ;
;         5 data inputs ; 23                          ;
;         6 data inputs ; 104                         ;
;     shared            ; 5                           ;
;         0 data inputs ; 1                           ;
;         1 data inputs ; 4                           ;
; boundary_port         ; 103                         ;
;                       ;                             ;
; Max LUT depth         ; 21.10                       ;
; Average LUT depth     ; 7.29                        ;
+-----------------------+-----------------------------+


+-------------------------------+
; Elapsed Time Per Partition    ;
+----------------+--------------+
; Partition Name ; Elapsed Time ;
+----------------+--------------+
; Top            ; 00:00:02     ;
+----------------+--------------+


+-------------------------------+
; Analysis & Synthesis Messages ;
+-------------------------------+
Info: *******************************************************************
Info: Running Quartus Prime Analysis & Synthesis
    Info: Version 17.0.0 Build 595 04/25/2017 SJ Lite Edition
    Info: Processing started: Mon Jun 06 14:17:46 2022
Info: Command: quartus_map --read_settings_files=on --write_settings_files=off DE1_SoC -c DE1_SoC
Info (20030): Parallel compilation is enabled and will use 6 of the 6 processors detected
Info (12021): Found 1 design units, including 1 entities, in source file de1_soc.sv
    Info (12023): Found entity 1: DE1_SoC File: C:/Users/ewanl/OneDrive - UW/EE 271 Lab/Labs/Lab8/StarterFiles1/DE1_SoC.sv Line: 2
Info (12021): Found 1 design units, including 1 entities, in source file clock_divider.sv
    Info (12023): Found entity 1: clock_divider File: C:/Users/ewanl/OneDrive - UW/EE 271 Lab/Labs/Lab8/StarterFiles1/clock_divider.sv Line: 4
Info (12021): Found 2 design units, including 2 entities, in source file d_ff.sv
    Info (12023): Found entity 1: d_ff File: C:/Users/ewanl/OneDrive - UW/EE 271 Lab/Labs/Lab8/StarterFiles1/d_ff.sv Line: 3
    Info (12023): Found entity 2: d_ff_testbench File: C:/Users/ewanl/OneDrive - UW/EE 271 Lab/Labs/Lab8/StarterFiles1/d_ff.sv Line: 15
Info (12021): Found 2 design units, including 2 entities, in source file lfsr_10_bit.sv
    Info (12023): Found entity 1: LFSR_10_bit File: C:/Users/ewanl/OneDrive - UW/EE 271 Lab/Labs/Lab8/StarterFiles1/LFSR_10_bit.sv Line: 1
    Info (12023): Found entity 2: LFSR_10_bit_testbench File: C:/Users/ewanl/OneDrive - UW/EE 271 Lab/Labs/Lab8/StarterFiles1/LFSR_10_bit.sv Line: 22
Info (12021): Found 3 design units, including 3 entities, in source file leddriver.sv
    Info (12023): Found entity 1: LEDDriver File: C:/Users/ewanl/OneDrive - UW/EE 271 Lab/Labs/Lab8/StarterFiles1/LEDDriver.sv Line: 13
    Info (12023): Found entity 2: LEDDriver_Test File: C:/Users/ewanl/OneDrive - UW/EE 271 Lab/Labs/Lab8/StarterFiles1/LEDDriver.sv Line: 34
    Info (12023): Found entity 3: LEDDriver_TestPhysical File: C:/Users/ewanl/OneDrive - UW/EE 271 Lab/Labs/Lab8/StarterFiles1/LEDDriver.sv Line: 71
Info (12021): Found 2 design units, including 2 entities, in source file led_test.sv
    Info (12023): Found entity 1: LED_test File: C:/Users/ewanl/OneDrive - UW/EE 271 Lab/Labs/Lab8/StarterFiles1/LED_test.sv Line: 1
    Info (12023): Found entity 2: LED_test_testbench File: C:/Users/ewanl/OneDrive - UW/EE 271 Lab/Labs/Lab8/StarterFiles1/LED_test.sv Line: 60
Info (12021): Found 2 design units, including 2 entities, in source file kinematics.sv
    Info (12023): Found entity 1: kinematics File: C:/Users/ewanl/OneDrive - UW/EE 271 Lab/Labs/Lab8/StarterFiles1/kinematics.sv Line: 8
    Info (12023): Found entity 2: kinematics_testbench File: C:/Users/ewanl/OneDrive - UW/EE 271 Lab/Labs/Lab8/StarterFiles1/kinematics.sv Line: 57
Info (12021): Found 2 design units, including 2 entities, in source file position.sv
    Info (12023): Found entity 1: position File: C:/Users/ewanl/OneDrive - UW/EE 271 Lab/Labs/Lab8/StarterFiles1/position.sv Line: 8
    Info (12023): Found entity 2: position_testbench File: C:/Users/ewanl/OneDrive - UW/EE 271 Lab/Labs/Lab8/StarterFiles1/position.sv Line: 57
Info (12021): Found 2 design units, including 2 entities, in source file pipe_generator.sv
    Info (12023): Found entity 1: pipe_generator File: C:/Users/ewanl/OneDrive - UW/EE 271 Lab/Labs/Lab8/StarterFiles1/pipe_generator.sv Line: 9
    Info (12023): Found entity 2: pipe_generator_testbench File: C:/Users/ewanl/OneDrive - UW/EE 271 Lab/Labs/Lab8/StarterFiles1/pipe_generator.sv Line: 58
Info (12021): Found 2 design units, including 2 entities, in source file board_state.sv
    Info (12023): Found entity 1: board_state File: C:/Users/ewanl/OneDrive - UW/EE 271 Lab/Labs/Lab8/StarterFiles1/board_state.sv Line: 9
    Info (12023): Found entity 2: board_state_testbench File: C:/Users/ewanl/OneDrive - UW/EE 271 Lab/Labs/Lab8/StarterFiles1/board_state.sv Line: 84
Info (12021): Found 2 design units, including 2 entities, in source file collision_checker.sv
    Info (12023): Found entity 1: collision_checker File: C:/Users/ewanl/OneDrive - UW/EE 271 Lab/Labs/Lab8/StarterFiles1/collision_checker.sv Line: 9
    Info (12023): Found entity 2: collision_checker_testbench File: C:/Users/ewanl/OneDrive - UW/EE 271 Lab/Labs/Lab8/StarterFiles1/collision_checker.sv Line: 30
Info (12021): Found 0 design units, including 0 entities, in source file score_keeper.sv
Info (12127): Elaborating entity "DE1_SoC" for the top level hierarchy
Warning (10036): Verilog HDL or VHDL warning at DE1_SoC.sv(48): object "GrnPixelsAdjusted" assigned a value but never read File: C:/Users/ewanl/OneDrive - UW/EE 271 Lab/Labs/Lab8/StarterFiles1/DE1_SoC.sv Line: 48
Info (12128): Elaborating entity "clock_divider" for hierarchy "clock_divider:divider" File: C:/Users/ewanl/OneDrive - UW/EE 271 Lab/Labs/Lab8/StarterFiles1/DE1_SoC.sv Line: 37
Info (12128): Elaborating entity "LEDDriver" for hierarchy "LEDDriver:Driver" File: C:/Users/ewanl/OneDrive - UW/EE 271 Lab/Labs/Lab8/StarterFiles1/DE1_SoC.sv Line: 55
Info (12128): Elaborating entity "LFSR_10_bit" for hierarchy "LFSR_10_bit:random" File: C:/Users/ewanl/OneDrive - UW/EE 271 Lab/Labs/Lab8/StarterFiles1/DE1_SoC.sv Line: 65
Info (12128): Elaborating entity "pipe_generator" for hierarchy "pipe_generator:pipe_pair" File: C:/Users/ewanl/OneDrive - UW/EE 271 Lab/Labs/Lab8/StarterFiles1/DE1_SoC.sv Line: 67
Info (12128): Elaborating entity "kinematics" for hierarchy "kinematics:motion" File: C:/Users/ewanl/OneDrive - UW/EE 271 Lab/Labs/Lab8/StarterFiles1/DE1_SoC.sv Line: 69
Info (12128): Elaborating entity "position" for hierarchy "position:p1" File: C:/Users/ewanl/OneDrive - UW/EE 271 Lab/Labs/Lab8/StarterFiles1/DE1_SoC.sv Line: 71
Warning (10230): Verilog HDL assignment warning at position.sv(32): truncated value with size 32 to match size of target (4) File: C:/Users/ewanl/OneDrive - UW/EE 271 Lab/Labs/Lab8/StarterFiles1/position.sv Line: 32
Info (12128): Elaborating entity "board_state" for hierarchy "board_state:board" File: C:/Users/ewanl/OneDrive - UW/EE 271 Lab/Labs/Lab8/StarterFiles1/DE1_SoC.sv Line: 73
Warning (19016): Clock multiplexers are found and protected
    Warning (19017): Found clock multiplexer Mux0 File: C:/Users/ewanl/OneDrive - UW/EE 271 Lab/Labs/Lab8/StarterFiles1/DE1_SoC.sv Line: 24
    Warning (19017): Found clock multiplexer Mux1 File: C:/Users/ewanl/OneDrive - UW/EE 271 Lab/Labs/Lab8/StarterFiles1/DE1_SoC.sv Line: 39
Info (278001): Inferred 2 megafunctions from design logic
    Info (278004): Inferred divider/modulo megafunction ("lpm_divide") from the following logic: "pipe_generator:pipe_pair|Mod1" File: C:/Users/ewanl/OneDrive - UW/EE 271 Lab/Labs/Lab8/StarterFiles1/pipe_generator.sv Line: 27
    Info (278004): Inferred divider/modulo megafunction ("lpm_divide") from the following logic: "pipe_generator:pipe_pair|Mod0" File: C:/Users/ewanl/OneDrive - UW/EE 271 Lab/Labs/Lab8/StarterFiles1/pipe_generator.sv Line: 24
Info (12130): Elaborated megafunction instantiation "pipe_generator:pipe_pair|lpm_divide:Mod1" File: C:/Users/ewanl/OneDrive - UW/EE 271 Lab/Labs/Lab8/StarterFiles1/pipe_generator.sv Line: 27
Info (12133): Instantiated megafunction "pipe_generator:pipe_pair|lpm_divide:Mod1" with the following parameter: File: C:/Users/ewanl/OneDrive - UW/EE 271 Lab/Labs/Lab8/StarterFiles1/pipe_generator.sv Line: 27
    Info (12134): Parameter "LPM_WIDTHN" = "10"
    Info (12134): Parameter "LPM_WIDTHD" = "4"
    Info (12134): Parameter "LPM_NREPRESENTATION" = "UNSIGNED"
    Info (12134): Parameter "LPM_DREPRESENTATION" = "UNSIGNED"
Info (12021): Found 1 design units, including 1 entities, in source file db/lpm_divide_h3m.tdf
    Info (12023): Found entity 1: lpm_divide_h3m File: C:/Users/ewanl/OneDrive - UW/EE 271 Lab/Labs/Lab8/StarterFiles1/db/lpm_divide_h3m.tdf Line: 25
Info (12021): Found 1 design units, including 1 entities, in source file db/sign_div_unsign_klh.tdf
    Info (12023): Found entity 1: sign_div_unsign_klh File: C:/Users/ewanl/OneDrive - UW/EE 271 Lab/Labs/Lab8/StarterFiles1/db/sign_div_unsign_klh.tdf Line: 25
Info (12021): Found 1 design units, including 1 entities, in source file db/alt_u_div_eve.tdf
    Info (12023): Found entity 1: alt_u_div_eve File: C:/Users/ewanl/OneDrive - UW/EE 271 Lab/Labs/Lab8/StarterFiles1/db/alt_u_div_eve.tdf Line: 23
Info (12130): Elaborated megafunction instantiation "pipe_generator:pipe_pair|lpm_divide:Mod0" File: C:/Users/ewanl/OneDrive - UW/EE 271 Lab/Labs/Lab8/StarterFiles1/pipe_generator.sv Line: 24
Info (12133): Instantiated megafunction "pipe_generator:pipe_pair|lpm_divide:Mod0" with the following parameter: File: C:/Users/ewanl/OneDrive - UW/EE 271 Lab/Labs/Lab8/StarterFiles1/pipe_generator.sv Line: 24
    Info (12134): Parameter "LPM_WIDTHN" = "10"
    Info (12134): Parameter "LPM_WIDTHD" = "3"
    Info (12134): Parameter "LPM_NREPRESENTATION" = "UNSIGNED"
    Info (12134): Parameter "LPM_DREPRESENTATION" = "UNSIGNED"
Info (12021): Found 1 design units, including 1 entities, in source file db/lpm_divide_g3m.tdf
    Info (12023): Found entity 1: lpm_divide_g3m File: C:/Users/ewanl/OneDrive - UW/EE 271 Lab/Labs/Lab8/StarterFiles1/db/lpm_divide_g3m.tdf Line: 25
Info (12021): Found 1 design units, including 1 entities, in source file db/sign_div_unsign_jlh.tdf
    Info (12023): Found entity 1: sign_div_unsign_jlh File: C:/Users/ewanl/OneDrive - UW/EE 271 Lab/Labs/Lab8/StarterFiles1/db/sign_div_unsign_jlh.tdf Line: 25
Info (12021): Found 1 design units, including 1 entities, in source file db/alt_u_div_cve.tdf
    Info (12023): Found entity 1: alt_u_div_cve File: C:/Users/ewanl/OneDrive - UW/EE 271 Lab/Labs/Lab8/StarterFiles1/db/alt_u_div_cve.tdf Line: 23
Warning (12241): 1 hierarchies have connectivity warnings - see the Connectivity Checks report folder
Info (286030): Timing-Driven Synthesis is running
Info (17049): 30 registers lost all their fanouts during netlist optimizations.
Info (144001): Generated suppressed messages file C:/Users/ewanl/OneDrive - UW/EE 271 Lab/Labs/Lab8/StarterFiles1/output_files/DE1_SoC.map.smsg
Info (16010): Generating hard_block partition "hard_block:auto_generated_inst"
    Info (16011): Adding 0 node(s), including 0 DDIO, 0 PLL, 0 transceiver and 0 LCELL
Info (21057): Implemented 793 device resources after synthesis - the final resource count might be different
    Info (21058): Implemented 15 input pins
    Info (21059): Implemented 88 output pins
    Info (21061): Implemented 690 logic cells
Info: Quartus Prime Analysis & Synthesis was successful. 0 errors, 6 warnings
    Info: Peak virtual memory: 4863 megabytes
    Info: Processing ended: Mon Jun 06 14:18:00 2022
    Info: Elapsed time: 00:00:14
    Info: Total CPU time (on all processors): 00:00:28


+------------------------------------------+
; Analysis & Synthesis Suppressed Messages ;
+------------------------------------------+
The suppressed messages can be found in C:/Users/ewanl/OneDrive - UW/EE 271 Lab/Labs/Lab8/StarterFiles1/output_files/DE1_SoC.map.smsg.


